Using pre-set license
Built from '2022.3/staging' branch; Version is '2022.3.17f1 (4fc78088f837) revision 5228416'; Using compiler version '192829333'; Build Type 'Release'
OS: 'Windows 11  (10.0.22621) 64bit Professional' Language: 'en' Physical Memory: 16064 MB
BatchMode: 1, IsHumanControllingUs: 0, StartBugReporterOnCrash: 0, Is64bit: 1, IsPro: 1

COMMAND LINE ARGUMENTS:
C:\Program Files\Unity\Hub\Editor\2022.3.17f1\Editor\Unity.exe
-adb2
-batchMode
-noUpm
-name
AssetImportWorker2
-projectPath
C:/Projects/Unity/PassTheGame/Pass The Game
-logFile
Logs/AssetImportWorker2.log
-srvPort
58430
Successfully changed project path to: C:/Projects/Unity/PassTheGame/Pass The Game
C:/Projects/Unity/PassTheGame/Pass The Game
[UnityMemory] Configuration Parameters - Can be set up in boot.config
    "memorysetup-bucket-allocator-granularity=16"
    "memorysetup-bucket-allocator-bucket-count=8"
    "memorysetup-bucket-allocator-block-size=33554432"
    "memorysetup-bucket-allocator-block-count=8"
    "memorysetup-main-allocator-block-size=16777216"
    "memorysetup-thread-allocator-block-size=16777216"
    "memorysetup-gfx-main-allocator-block-size=16777216"
    "memorysetup-gfx-thread-allocator-block-size=16777216"
    "memorysetup-cache-allocator-block-size=4194304"
    "memorysetup-typetree-allocator-block-size=2097152"
    "memorysetup-profiler-bucket-allocator-granularity=16"
    "memorysetup-profiler-bucket-allocator-bucket-count=8"
    "memorysetup-profiler-bucket-allocator-block-size=33554432"
    "memorysetup-profiler-bucket-allocator-block-count=8"
    "memorysetup-profiler-allocator-block-size=16777216"
    "memorysetup-profiler-editor-allocator-block-size=1048576"
    "memorysetup-temp-allocator-size-main=16777216"
    "memorysetup-job-temp-allocator-block-size=2097152"
    "memorysetup-job-temp-allocator-block-size-background=1048576"
    "memorysetup-job-temp-allocator-reduction-small-platforms=262144"
    "memorysetup-allocator-temp-initial-block-size-main=262144"
    "memorysetup-allocator-temp-initial-block-size-worker=262144"
    "memorysetup-temp-allocator-size-background-worker=32768"
    "memorysetup-temp-allocator-size-job-worker=262144"
    "memorysetup-temp-allocator-size-preload-manager=33554432"
    "memorysetup-temp-allocator-size-nav-mesh-worker=65536"
    "memorysetup-temp-allocator-size-audio-worker=65536"
    "memorysetup-temp-allocator-size-cloud-worker=32768"
    "memorysetup-temp-allocator-size-gi-baking-worker=262144"
    "memorysetup-temp-allocator-size-gfx=262144"
Player connection [33928] Host "[IP] 10.0.0.3 [Port] 0 [Flags] 2 [Guid] 4091906794 [EditorId] 4091906794 [Version] 1048832 [Id] WindowsEditor(7,ERNST) [Debug] 1 [PackageName] WindowsEditor [ProjectName] Editor" joined multi-casting on [225.0.0.222:54997]...

Player connection [33928] Host "[IP] 10.0.0.3 [Port] 0 [Flags] 2 [Guid] 4091906794 [EditorId] 4091906794 [Version] 1048832 [Id] WindowsEditor(7,ERNST) [Debug] 1 [PackageName] WindowsEditor [ProjectName] Editor" joined alternative multi-casting on [225.0.0.222:34997]...

[Physics::Module] Initialized MultithreadedJobDispatcher with 7 workers.
Refreshing native plugins compatible for Editor in 33.62 ms, found 3 plugins.
Preloading 0 native plugins for Editor in 0.00 ms.
Initialize engine version: 2022.3.17f1 (4fc78088f837)
[Subsystems] Discovering subsystems at path C:/Program Files/Unity/Hub/Editor/2022.3.17f1/Editor/Data/Resources/UnitySubsystems
[Subsystems] Discovering subsystems at path C:/Projects/Unity/PassTheGame/Pass The Game/Assets
GfxDevice: creating device client; threaded=0; jobified=0
Direct3D:
    Version:  Direct3D 11.0 [level 11.1]
    Renderer: NVIDIA T500 (ID=0x1fbb)
    Vendor:   NVIDIA
    VRAM:     3960 MB
    Driver:   31.0.15.2919
Initialize mono
Mono path[0] = 'C:/Program Files/Unity/Hub/Editor/2022.3.17f1/Editor/Data/Managed'
Mono path[1] = 'C:/Program Files/Unity/Hub/Editor/2022.3.17f1/Editor/Data/MonoBleedingEdge/lib/mono/unityjit-win32'
Mono config path = 'C:/Program Files/Unity/Hub/Editor/2022.3.17f1/Editor/Data/MonoBleedingEdge/etc'
Using monoOptions --debugger-agent=transport=dt_socket,embedding=1,server=y,suspend=n,address=127.0.0.1:56952
Begin MonoManager ReloadAssembly
Registering precompiled unity dll's ...
Register platform support module: C:/Program Files/Unity/Hub/Editor/2022.3.17f1/Editor/Data/PlaybackEngines/WindowsStandaloneSupport/UnityEditor.WindowsStandalone.Extensions.dll
Registered in 0.019138 seconds.
- Loaded All Assemblies, in  1.002 seconds
Native extension for WindowsStandalone target not found
Mono: successfully reloaded assembly
- Finished resetting the current domain, in  0.657 seconds
Domain Reload Profiling: 1653ms
	BeginReloadAssembly (310ms)
		ExecutionOrderSort (0ms)
		DisableScriptedObjects (0ms)
		BackupInstance (0ms)
		ReleaseScriptingObjects (0ms)
		CreateAndSetChildDomain (2ms)
	RebuildCommonClasses (106ms)
	RebuildNativeTypeToScriptingClass (35ms)
	initialDomainReloadingComplete (154ms)
	LoadAllAssembliesAndSetupDomain (389ms)
		LoadAssemblies (304ms)
		RebuildTransferFunctionScriptingTraits (0ms)
		AnalyzeDomain (384ms)
			TypeCache.Refresh (381ms)
				TypeCache.ScanAssembly (348ms)
			ScanForSourceGeneratedMonoScriptInfo (1ms)
			ResolveRequiredComponents (1ms)
	FinalizeReload (659ms)
		ReleaseScriptCaches (0ms)
		RebuildScriptCaches (0ms)
		SetupLoadedEditorAssemblies (520ms)
			LogAssemblyErrors (0ms)
			InitializePlatformSupportModulesInManaged (25ms)
			SetLoadedEditorAssemblies (18ms)
			RefreshPlugins (0ms)
			BeforeProcessingInitializeOnLoad (5ms)
			ProcessInitializeOnLoadAttributes (373ms)
			ProcessInitializeOnLoadMethodAttributes (99ms)
			AfterProcessingInitializeOnLoad (0ms)
			EditorAssembliesLoaded (0ms)
		ExecutionOrderSort2 (0ms)
		AwakeInstancesAfterBackupRestoration (0ms)
========================================================================
Worker process is ready to serve import requests
Begin MonoManager ReloadAssembly
- Loaded All Assemblies, in  1.710 seconds
Refreshing native plugins compatible for Editor in 9.18 ms, found 3 plugins.
Native extension for WindowsStandalone target not found
Package Manager log level set to [2]
[Package Manager] Server::EnsureServerProcessIsRunning -- launch failed, reason: Unity was launched with the -noUpm command-line argument
[Package Manager] UpmClient::Send -- Unable to send message (not connected to UPM process).
[Package Manager] Cannot connect to Unity Package Manager local server
Mono: successfully reloaded assembly
- Finished resetting the current domain, in  1.583 seconds
Domain Reload Profiling: 3284ms
	BeginReloadAssembly (356ms)
		ExecutionOrderSort (0ms)
		DisableScriptedObjects (31ms)
		BackupInstance (0ms)
		ReleaseScriptingObjects (1ms)
		CreateAndSetChildDomain (40ms)
	RebuildCommonClasses (74ms)
	RebuildNativeTypeToScriptingClass (26ms)
	initialDomainReloadingComplete (93ms)
	LoadAllAssembliesAndSetupDomain (1152ms)
		LoadAssemblies (772ms)
		RebuildTransferFunctionScriptingTraits (0ms)
		AnalyzeDomain (586ms)
			TypeCache.Refresh (510ms)
				TypeCache.ScanAssembly (475ms)
			ScanForSourceGeneratedMonoScriptInfo (54ms)
			ResolveRequiredComponents (18ms)
	FinalizeReload (1583ms)
		ReleaseScriptCaches (0ms)
		RebuildScriptCaches (0ms)
		SetupLoadedEditorAssemblies (1158ms)
			LogAssemblyErrors (0ms)
			InitializePlatformSupportModulesInManaged (15ms)
			SetLoadedEditorAssemblies (8ms)
			RefreshPlugins (0ms)
			BeforeProcessingInitializeOnLoad (142ms)
			ProcessInitializeOnLoadAttributes (798ms)
			ProcessInitializeOnLoadMethodAttributes (173ms)
			AfterProcessingInitializeOnLoad (22ms)
			EditorAssembliesLoaded (0ms)
		ExecutionOrderSort2 (0ms)
		AwakeInstancesAfterBackupRestoration (13ms)
Launched and connected shader compiler UnityShaderCompiler.exe after 0.11 seconds
Refreshing native plugins compatible for Editor in 15.05 ms, found 3 plugins.
Preloading 0 native plugins for Editor in 0.00 ms.
Unloading 5969 Unused Serialized files (Serialized files now loaded: 0)
Unloading 86 unused Assets / (1.9 MB). Loaded Objects now: 6438.
Memory consumption went from 238.0 MB to 236.1 MB.
Total: 9.378800 ms (FindLiveObjects: 0.764600 ms CreateObjectMapping: 0.518000 ms MarkObjects: 7.322500 ms  DeleteObjects: 0.772000 ms)

AssetImportParameters requested are different than current active one (requested -> active):
  custom:container-demuxer-ogg: 62fdf1f143b41e24485cea50d1cbac27 -> 
  custom:video-decoder-ogg-theora: a1e56fd34408186e4bbccfd4996cb3dc -> 
  custom:framework-win-MediaFoundation: 216162199b28c13a410421893ffa2e32 -> 
  custom:CustomObjectIndexerAttribute: 62b5816608c3102f162a1797e29626cf -> 
  custom:container-demuxer-webm: 4f35f7cbe854078d1ac9338744f61a02 -> 
  custom:container-muxer-webm: aa71ff27fc2769a1b78a27578f13a17b -> 
  custom:video-decoder-webm-vp8: 9c59270c3fd7afecdb556c50c9e8de78 -> 
  custom:SearchIndexIgnoredProperties: e643bd26f0fe6173181afceb89e7c659 -> 
  custom:AudioImporter_EditorPlatform: d09bf68614088b80899f8185d706f6e7 -> 
  custom:video-encoder-webm-vp8: eb34c28f22e8b96e1ab97ce403110664 -> 
  custom:audio-decoder-ogg-vorbis: bf7c407c2cedff20999df2af8eb42d56 -> 
  custom:audio-encoder-webm-vorbis: bf7c407c2cedff20999df2af8eb42d56 -> 
========================================================================
Received Import Request.
  Time since last request: 332877.612717 seconds.
  path: Assets/FX/New Graph.vfx
  artifactKey: Guid(65a4df64e04ab464b86df12ec2867480) Importer(815301076,1909f56bfc062723c751e8b465ee728b)
Start importing Assets/FX/New Graph.vfx using Guid(65a4df64e04ab464b86df12ec2867480) Importer(815301076,1909f56bfc062723c751e8b465ee728b)  -> (artifact id: '348155c33a64ff8a4a9f3a526988afb4') in 0.056990 seconds
Number of updated asset objects reloaded before import = 1
Number of asset objects unloaded after import = 6
========================================================================
Received Import Request.
  Time since last request: 13.305629 seconds.
  path: Assets/FX/New Graph.vfx
  artifactKey: Guid(65a4df64e04ab464b86df12ec2867480) Importer(815301076,1909f56bfc062723c751e8b465ee728b)
Start importing Assets/FX/New Graph.vfx using Guid(65a4df64e04ab464b86df12ec2867480) Importer(815301076,1909f56bfc062723c751e8b465ee728b)  -> (artifact id: '9f4fae852ed6e825ac4915fae499b098') in 0.003641 seconds
Number of updated asset objects reloaded before import = 1
Number of asset objects unloaded after import = 6
========================================================================
Received Import Request.
  Time since last request: 68.083377 seconds.
  path: Assets/FX/New Graph.vfx
  artifactKey: Guid(65a4df64e04ab464b86df12ec2867480) Importer(815301076,1909f56bfc062723c751e8b465ee728b)
Start importing Assets/FX/New Graph.vfx using Guid(65a4df64e04ab464b86df12ec2867480) Importer(815301076,1909f56bfc062723c751e8b465ee728b)  -> (artifact id: '80514271c3c74d16c8d61c7082e70a2c') in 0.005073 seconds
Number of updated asset objects reloaded before import = 1
Number of asset objects unloaded after import = 6
========================================================================
Received Import Request.
  Time since last request: 12.120194 seconds.
  path: Assets/FX/New Graph.vfx
  artifactKey: Guid(65a4df64e04ab464b86df12ec2867480) Importer(815301076,1909f56bfc062723c751e8b465ee728b)
Start importing Assets/FX/New Graph.vfx using Guid(65a4df64e04ab464b86df12ec2867480) Importer(815301076,1909f56bfc062723c751e8b465ee728b)  -> (artifact id: 'd48ca31ed8b1153bc7ba0549587179f0') in 0.005550 seconds
Number of updated asset objects reloaded before import = 1
Number of asset objects unloaded after import = 6
========================================================================
Received Import Request.
  Time since last request: 7.510701 seconds.
  path: Assets/FX/New Graph.vfx
  artifactKey: Guid(65a4df64e04ab464b86df12ec2867480) Importer(815301076,1909f56bfc062723c751e8b465ee728b)
Start importing Assets/FX/New Graph.vfx using Guid(65a4df64e04ab464b86df12ec2867480) Importer(815301076,1909f56bfc062723c751e8b465ee728b)  -> (artifact id: '7ab5f48116de212d50d7faa1356ee6ea') in 0.004670 seconds
Number of updated asset objects reloaded before import = 1
Number of asset objects unloaded after import = 6
========================================================================
Received Import Request.
  Time since last request: 3.919992 seconds.
  path: Assets/FX/New Graph.vfx
  artifactKey: Guid(65a4df64e04ab464b86df12ec2867480) Importer(815301076,1909f56bfc062723c751e8b465ee728b)
Start importing Assets/FX/New Graph.vfx using Guid(65a4df64e04ab464b86df12ec2867480) Importer(815301076,1909f56bfc062723c751e8b465ee728b)  -> (artifact id: 'e521c7018663f66d755bf9d64b8f33d8') in 0.005460 seconds
Number of updated asset objects reloaded before import = 1
Number of asset objects unloaded after import = 6
========================================================================
Received Import Request.
  Time since last request: 27.450549 seconds.
  path: Assets/FX/New Graph.vfx
  artifactKey: Guid(65a4df64e04ab464b86df12ec2867480) Importer(815301076,1909f56bfc062723c751e8b465ee728b)
Start importing Assets/FX/New Graph.vfx using Guid(65a4df64e04ab464b86df12ec2867480) Importer(815301076,1909f56bfc062723c751e8b465ee728b)  -> (artifact id: '0452c623374db69c24ae97a202775168') in 0.006210 seconds
Number of updated asset objects reloaded before import = 1
Number of asset objects unloaded after import = 6
========================================================================
Received Import Request.
  Time since last request: 75.562514 seconds.
  path: Assets/FX/New Graph.vfx
  artifactKey: Guid(65a4df64e04ab464b86df12ec2867480) Importer(815301076,1909f56bfc062723c751e8b465ee728b)
Start importing Assets/FX/New Graph.vfx using Guid(65a4df64e04ab464b86df12ec2867480) Importer(815301076,1909f56bfc062723c751e8b465ee728b)  -> (artifact id: '9a32ef02b9d3b3ca5436e1c32f79ad88') in 0.003893 seconds
Number of updated asset objects reloaded before import = 1
Number of asset objects unloaded after import = 6
========================================================================
Received Import Request.
  Time since last request: 45.280162 seconds.
  path: Assets/FX/New Graph.vfx
  artifactKey: Guid(65a4df64e04ab464b86df12ec2867480) Importer(815301076,1909f56bfc062723c751e8b465ee728b)
Start importing Assets/FX/New Graph.vfx using Guid(65a4df64e04ab464b86df12ec2867480) Importer(815301076,1909f56bfc062723c751e8b465ee728b)  -> (artifact id: 'ae95128aa16f236f9e052c98b8d2615e') in 0.004485 seconds
Number of updated asset objects reloaded before import = 1
Number of asset objects unloaded after import = 6
========================================================================
Received Import Request.
  Time since last request: 25.078419 seconds.
  path: Assets/FX/New Graph.vfx
  artifactKey: Guid(65a4df64e04ab464b86df12ec2867480) Importer(815301076,1909f56bfc062723c751e8b465ee728b)
Start importing Assets/FX/New Graph.vfx using Guid(65a4df64e04ab464b86df12ec2867480) Importer(815301076,1909f56bfc062723c751e8b465ee728b)  -> (artifact id: '5c620b738031dfe5df5b4fdc705e4f72') in 0.004340 seconds
Number of updated asset objects reloaded before import = 1
Number of asset objects unloaded after import = 6
========================================================================
Received Import Request.
  Time since last request: 1.545468 seconds.
  path: Assets/FX/New Graph.vfx
  artifactKey: Guid(65a4df64e04ab464b86df12ec2867480) Importer(815301076,1909f56bfc062723c751e8b465ee728b)
Start importing Assets/FX/New Graph.vfx using Guid(65a4df64e04ab464b86df12ec2867480) Importer(815301076,1909f56bfc062723c751e8b465ee728b)  -> (artifact id: '027ec358c27c77eb86283a45c8efa3da') in 0.006439 seconds
Number of updated asset objects reloaded before import = 1
Number of asset objects unloaded after import = 6
========================================================================
Received Import Request.
  Time since last request: 1.968037 seconds.
  path: Assets/FX/New Graph.vfx
  artifactKey: Guid(65a4df64e04ab464b86df12ec2867480) Importer(815301076,1909f56bfc062723c751e8b465ee728b)
Start importing Assets/FX/New Graph.vfx using Guid(65a4df64e04ab464b86df12ec2867480) Importer(815301076,1909f56bfc062723c751e8b465ee728b)  -> (artifact id: '1b43c1dd4d4bb45aeac14fcb8acc2111') in 0.003989 seconds
Number of updated asset objects reloaded before import = 1
Number of asset objects unloaded after import = 6
========================================================================
Received Import Request.
  Time since last request: 112.799177 seconds.
  path: Assets/FX/New Graph.vfx
  artifactKey: Guid(65a4df64e04ab464b86df12ec2867480) Importer(815301076,1909f56bfc062723c751e8b465ee728b)
Start importing Assets/FX/New Graph.vfx using Guid(65a4df64e04ab464b86df12ec2867480) Importer(815301076,1909f56bfc062723c751e8b465ee728b)  -> (artifact id: '31bedd7e95c9f87ccfab0ca6e0729719') in 0.003911 seconds
Number of updated asset objects reloaded before import = 1
Number of asset objects unloaded after import = 6
========================================================================
Received Import Request.
  Time since last request: 7.195860 seconds.
  path: Assets/FX/New Graph.vfx
  artifactKey: Guid(65a4df64e04ab464b86df12ec2867480) Importer(815301076,1909f56bfc062723c751e8b465ee728b)
Start importing Assets/FX/New Graph.vfx using Guid(65a4df64e04ab464b86df12ec2867480) Importer(815301076,1909f56bfc062723c751e8b465ee728b)  -> (artifact id: 'cf9d60d29752564a1f5baee829f004c9') in 0.005518 seconds
Number of updated asset objects reloaded before import = 1
Number of asset objects unloaded after import = 6
========================================================================
Received Prepare
Begin MonoManager ReloadAssembly
- Loaded All Assemblies, in  0.866 seconds
Refreshing native plugins compatible for Editor in 13.30 ms, found 3 plugins.
Native extension for WindowsStandalone target not found
[Package Manager] Server::EnsureServerProcessIsRunning -- launch failed, reason: Unity was launched with the -noUpm command-line argument
[Package Manager] UpmClient::Send -- Unable to send message (not connected to UPM process).
[Package Manager] Cannot connect to Unity Package Manager local server
Mono: successfully reloaded assembly
- Finished resetting the current domain, in  2.535 seconds
Domain Reload Profiling: 3394ms
	BeginReloadAssembly (293ms)
		ExecutionOrderSort (0ms)
		DisableScriptedObjects (6ms)
		BackupInstance (0ms)
		ReleaseScriptingObjects (0ms)
		CreateAndSetChildDomain (76ms)
	RebuildCommonClasses (55ms)
	RebuildNativeTypeToScriptingClass (25ms)
	initialDomainReloadingComplete (60ms)
	LoadAllAssembliesAndSetupDomain (425ms)
		LoadAssemblies (555ms)
		RebuildTransferFunctionScriptingTraits (0ms)
		AnalyzeDomain (34ms)
			TypeCache.Refresh (11ms)
				TypeCache.ScanAssembly (0ms)
			ScanForSourceGeneratedMonoScriptInfo (0ms)
			ResolveRequiredComponents (20ms)
	FinalizeReload (2536ms)
		ReleaseScriptCaches (0ms)
		RebuildScriptCaches (0ms)
		SetupLoadedEditorAssemblies (821ms)
			LogAssemblyErrors (0ms)
			InitializePlatformSupportModulesInManaged (10ms)
			SetLoadedEditorAssemblies (4ms)
			RefreshPlugins (0ms)
			BeforeProcessingInitializeOnLoad (130ms)
			ProcessInitializeOnLoadAttributes (555ms)
			ProcessInitializeOnLoadMethodAttributes (109ms)
			AfterProcessingInitializeOnLoad (11ms)
			EditorAssembliesLoaded (0ms)
		ExecutionOrderSort2 (0ms)
		AwakeInstancesAfterBackupRestoration (16ms)
Refreshing native plugins compatible for Editor in 10.56 ms, found 3 plugins.
Preloading 0 native plugins for Editor in 0.00 ms.
Unloading 5810 Unused Serialized files (Serialized files now loaded: 0)
Unloading 48 unused Assets / (1.9 MB). Loaded Objects now: 6455.
Memory consumption went from 211.5 MB to 209.7 MB.
Total: 4.511700 ms (FindLiveObjects: 0.516800 ms CreateObjectMapping: 0.277100 ms MarkObjects: 3.381700 ms  DeleteObjects: 0.334700 ms)

Prepare: number of updated asset objects reloaded= 0
AssetImportParameters requested are different than current active one (requested -> active):
  custom:container-demuxer-ogg: 62fdf1f143b41e24485cea50d1cbac27 -> 
  custom:video-decoder-ogg-theora: a1e56fd34408186e4bbccfd4996cb3dc -> 
  custom:framework-win-MediaFoundation: 216162199b28c13a410421893ffa2e32 -> 
  custom:CustomObjectIndexerAttribute: 62b5816608c3102f162a1797e29626cf -> 
  custom:container-demuxer-webm: 4f35f7cbe854078d1ac9338744f61a02 -> 
  custom:container-muxer-webm: aa71ff27fc2769a1b78a27578f13a17b -> 
  custom:video-decoder-webm-vp8: 9c59270c3fd7afecdb556c50c9e8de78 -> 
  custom:SearchIndexIgnoredProperties: e643bd26f0fe6173181afceb89e7c659 -> 
  custom:AudioImporter_EditorPlatform: d09bf68614088b80899f8185d706f6e7 -> 
  custom:video-encoder-webm-vp8: eb34c28f22e8b96e1ab97ce403110664 -> 
  custom:audio-decoder-ogg-vorbis: bf7c407c2cedff20999df2af8eb42d56 -> 
  custom:audio-encoder-webm-vorbis: bf7c407c2cedff20999df2af8eb42d56 -> 
========================================================================
Received Import Request.
  Time since last request: 599.187231 seconds.
  path: Assets/FX/New Graph.vfx
  artifactKey: Guid(65a4df64e04ab464b86df12ec2867480) Importer(815301076,1909f56bfc062723c751e8b465ee728b)
Start importing Assets/FX/New Graph.vfx using Guid(65a4df64e04ab464b86df12ec2867480) Importer(815301076,1909f56bfc062723c751e8b465ee728b)  -> (artifact id: '8c41f207a417e52b919e91bbd5d213f5') in 0.051498 seconds
Number of updated asset objects reloaded before import = 1
Number of asset objects unloaded after import = 6
========================================================================
Received Import Request.
  Time since last request: 3.717798 seconds.
  path: Assets/FX/New Graph.vfx
  artifactKey: Guid(65a4df64e04ab464b86df12ec2867480) Importer(815301076,1909f56bfc062723c751e8b465ee728b)
Start importing Assets/FX/New Graph.vfx using Guid(65a4df64e04ab464b86df12ec2867480) Importer(815301076,1909f56bfc062723c751e8b465ee728b)  -> (artifact id: '29bbe77f30959aeb78f6e0230793ab41') in 0.003747 seconds
Number of updated asset objects reloaded before import = 1
Number of asset objects unloaded after import = 6
========================================================================
Received Import Request.
  Time since last request: 6.748017 seconds.
  path: Assets/FX/New Graph.vfx
  artifactKey: Guid(65a4df64e04ab464b86df12ec2867480) Importer(815301076,1909f56bfc062723c751e8b465ee728b)
Start importing Assets/FX/New Graph.vfx using Guid(65a4df64e04ab464b86df12ec2867480) Importer(815301076,1909f56bfc062723c751e8b465ee728b)  -> (artifact id: '1e82b83d51a384cb0f53afa11fae6f95') in 0.004089 seconds
Number of updated asset objects reloaded before import = 1
Number of asset objects unloaded after import = 6
========================================================================
Received Prepare
Begin MonoManager ReloadAssembly
- Loaded All Assemblies, in  0.848 seconds
Refreshing native plugins compatible for Editor in 10.69 ms, found 3 plugins.
Native extension for WindowsStandalone target not found
[Package Manager] Server::EnsureServerProcessIsRunning -- launch failed, reason: Unity was launched with the -noUpm command-line argument
[Package Manager] UpmClient::Send -- Unable to send message (not connected to UPM process).
[Package Manager] Cannot connect to Unity Package Manager local server
Mono: successfully reloaded assembly
- Finished resetting the current domain, in  2.540 seconds
Domain Reload Profiling: 3381ms
	BeginReloadAssembly (287ms)
		ExecutionOrderSort (0ms)
		DisableScriptedObjects (5ms)
		BackupInstance (0ms)
		ReleaseScriptingObjects (0ms)
		CreateAndSetChildDomain (72ms)
	RebuildCommonClasses (59ms)
	RebuildNativeTypeToScriptingClass (17ms)
	initialDomainReloadingComplete (45ms)
	LoadAllAssembliesAndSetupDomain (432ms)
		LoadAssemblies (555ms)
		RebuildTransferFunctionScriptingTraits (0ms)
		AnalyzeDomain (32ms)
			TypeCache.Refresh (10ms)
				TypeCache.ScanAssembly (0ms)
			ScanForSourceGeneratedMonoScriptInfo (0ms)
			ResolveRequiredComponents (20ms)
	FinalizeReload (2541ms)
		ReleaseScriptCaches (0ms)
		RebuildScriptCaches (0ms)
		SetupLoadedEditorAssemblies (829ms)
			LogAssemblyErrors (0ms)
			InitializePlatformSupportModulesInManaged (10ms)
			SetLoadedEditorAssemblies (6ms)
			RefreshPlugins (0ms)
			BeforeProcessingInitializeOnLoad (144ms)
			ProcessInitializeOnLoadAttributes (536ms)
			ProcessInitializeOnLoadMethodAttributes (124ms)
			AfterProcessingInitializeOnLoad (9ms)
			EditorAssembliesLoaded (0ms)
		ExecutionOrderSort2 (0ms)
		AwakeInstancesAfterBackupRestoration (21ms)
Refreshing native plugins compatible for Editor in 8.37 ms, found 3 plugins.
Preloading 0 native plugins for Editor in 0.00 ms.
Unloading 5810 Unused Serialized files (Serialized files now loaded: 0)
Unloading 48 unused Assets / (1.9 MB). Loaded Objects now: 6471.
Memory consumption went from 213.5 MB to 211.6 MB.
Total: 4.044000 ms (FindLiveObjects: 0.515500 ms CreateObjectMapping: 0.299900 ms MarkObjects: 2.924100 ms  DeleteObjects: 0.303300 ms)

Prepare: number of updated asset objects reloaded= 0
AssetImportParameters requested are different than current active one (requested -> active):
  custom:container-demuxer-ogg: 62fdf1f143b41e24485cea50d1cbac27 -> 
  custom:video-decoder-ogg-theora: a1e56fd34408186e4bbccfd4996cb3dc -> 
  custom:framework-win-MediaFoundation: 216162199b28c13a410421893ffa2e32 -> 
  custom:CustomObjectIndexerAttribute: 62b5816608c3102f162a1797e29626cf -> 
  custom:container-demuxer-webm: 4f35f7cbe854078d1ac9338744f61a02 -> 
  custom:container-muxer-webm: aa71ff27fc2769a1b78a27578f13a17b -> 
  custom:video-decoder-webm-vp8: 9c59270c3fd7afecdb556c50c9e8de78 -> 
  custom:SearchIndexIgnoredProperties: e643bd26f0fe6173181afceb89e7c659 -> 
  custom:AudioImporter_EditorPlatform: d09bf68614088b80899f8185d706f6e7 -> 
  custom:video-encoder-webm-vp8: eb34c28f22e8b96e1ab97ce403110664 -> 
  custom:audio-decoder-ogg-vorbis: bf7c407c2cedff20999df2af8eb42d56 -> 
  custom:audio-encoder-webm-vorbis: bf7c407c2cedff20999df2af8eb42d56 -> 
========================================================================
Received Import Request.
  Time since last request: 131.842740 seconds.
  path: Assets/FX/New Graph.vfx
  artifactKey: Guid(65a4df64e04ab464b86df12ec2867480) Importer(815301076,1909f56bfc062723c751e8b465ee728b)
Start importing Assets/FX/New Graph.vfx using Guid(65a4df64e04ab464b86df12ec2867480) Importer(815301076,1909f56bfc062723c751e8b465ee728b)  -> (artifact id: '6d2e75a8828a0f6ce6035c5ce2d9c838') in 0.036358 seconds
Number of updated asset objects reloaded before import = 1
Number of asset objects unloaded after import = 6
========================================================================
Received Import Request.
  Time since last request: 100.963975 seconds.
  path: Assets/FX/New Graph.vfx
  artifactKey: Guid(65a4df64e04ab464b86df12ec2867480) Importer(815301076,1909f56bfc062723c751e8b465ee728b)
Start importing Assets/FX/New Graph.vfx using Guid(65a4df64e04ab464b86df12ec2867480) Importer(815301076,1909f56bfc062723c751e8b465ee728b)  -> (artifact id: '258299c03928dba8a09a0332390925fb') in 0.005508 seconds
Number of updated asset objects reloaded before import = 1
Number of asset objects unloaded after import = 6
========================================================================
Received Import Request.
  Time since last request: 27.340549 seconds.
  path: Assets/FX/New Graph.vfx
  artifactKey: Guid(65a4df64e04ab464b86df12ec2867480) Importer(815301076,1909f56bfc062723c751e8b465ee728b)
Start importing Assets/FX/New Graph.vfx using Guid(65a4df64e04ab464b86df12ec2867480) Importer(815301076,1909f56bfc062723c751e8b465ee728b)  -> (artifact id: '7b49074f6be8c74924ef5fcc8618b607') in 0.003106 seconds
Number of updated asset objects reloaded before import = 1
Number of asset objects unloaded after import = 6
========================================================================
Received Import Request.
  Time since last request: 80.954845 seconds.
  path: Assets/Mat/White.mat
  artifactKey: Guid(7699b323df8394244a577ec87f52367d) Importer(815301076,1909f56bfc062723c751e8b465ee728b)
Start importing Assets/Mat/White.mat using Guid(7699b323df8394244a577ec87f52367d) Importer(815301076,1909f56bfc062723c751e8b465ee728b)  -> (artifact id: '5d852cc8142df75854c6d398937d89a2') in 0.505981 seconds
Number of updated asset objects reloaded before import = 1
Number of asset objects unloaded after import = 21
========================================================================
Received Import Request.
  Time since last request: 3.470563 seconds.
  path: Assets/Mat/White 1.mat
  artifactKey: Guid(513c08725e34d8942bd3702810d0a977) Importer(815301076,1909f56bfc062723c751e8b465ee728b)
Start importing Assets/Mat/White 1.mat using Guid(513c08725e34d8942bd3702810d0a977) Importer(815301076,1909f56bfc062723c751e8b465ee728b)  -> (artifact id: '4d97d45a65c6485e014bbb6ee6af8e1a') in 0.028337 seconds
Number of updated asset objects reloaded before import = 0
Number of asset objects unloaded after import = 2
========================================================================
Received Import Request.
  Time since last request: 3.532288 seconds.
  path: Assets/Mat/CHAR.mat
  artifactKey: Guid(513c08725e34d8942bd3702810d0a977) Importer(815301076,1909f56bfc062723c751e8b465ee728b)
Start importing Assets/Mat/CHAR.mat using Guid(513c08725e34d8942bd3702810d0a977) Importer(815301076,1909f56bfc062723c751e8b465ee728b)  -> (artifact id: 'c54fc7499e3a358ddadc6b3f46958cc4') in 0.023040 seconds
Number of updated asset objects reloaded before import = 0
Number of asset objects unloaded after import = 2
========================================================================
Received Import Request.
  Time since last request: 19.196969 seconds.
  path: Assets/Mat/CHAR.mat
  artifactKey: Guid(513c08725e34d8942bd3702810d0a977) Importer(815301076,1909f56bfc062723c751e8b465ee728b)
Start importing Assets/Mat/CHAR.mat using Guid(513c08725e34d8942bd3702810d0a977) Importer(815301076,1909f56bfc062723c751e8b465ee728b)  -> (artifact id: '54e22480839e7e28367149598e3399ad') in 0.023363 seconds
Number of updated asset objects reloaded before import = 0
Number of asset objects unloaded after import = 2
========================================================================
Received Import Request.
  Time since last request: 5.638104 seconds.
  path: Assets/Mat/CHAR.mat
  artifactKey: Guid(513c08725e34d8942bd3702810d0a977) Importer(815301076,1909f56bfc062723c751e8b465ee728b)
Start importing Assets/Mat/CHAR.mat using Guid(513c08725e34d8942bd3702810d0a977) Importer(815301076,1909f56bfc062723c751e8b465ee728b)  -> (artifact id: '246ed9dae17f0384cb2b236d5662444e') in 0.023831 seconds
Number of updated asset objects reloaded before import = 0
Number of asset objects unloaded after import = 2
========================================================================
Received Import Request.
  Time since last request: 10.329531 seconds.
  path: Assets/Mat/CHAR.mat
  artifactKey: Guid(513c08725e34d8942bd3702810d0a977) Importer(815301076,1909f56bfc062723c751e8b465ee728b)
Start importing Assets/Mat/CHAR.mat using Guid(513c08725e34d8942bd3702810d0a977) Importer(815301076,1909f56bfc062723c751e8b465ee728b)  -> (artifact id: 'c7e4b333623e3fe8d9deca9cb00215a2') in 0.025568 seconds
Number of updated asset objects reloaded before import = 0
Number of asset objects unloaded after import = 2
========================================================================
Received Import Request.
  Time since last request: 2.144682 seconds.
  path: Assets/Mat/CHAR.mat
  artifactKey: Guid(513c08725e34d8942bd3702810d0a977) Importer(815301076,1909f56bfc062723c751e8b465ee728b)
Start importing Assets/Mat/CHAR.mat using Guid(513c08725e34d8942bd3702810d0a977) Importer(815301076,1909f56bfc062723c751e8b465ee728b)  -> (artifact id: '84189adf5337a1d4335a280fe7a01526') in 0.031847 seconds
Number of updated asset objects reloaded before import = 0
Number of asset objects unloaded after import = 2
========================================================================
Received Import Request.
  Time since last request: 159.564097 seconds.
  path: Assets/Mat/CHAR.mat
  artifactKey: Guid(513c08725e34d8942bd3702810d0a977) Importer(815301076,1909f56bfc062723c751e8b465ee728b)
Start importing Assets/Mat/CHAR.mat using Guid(513c08725e34d8942bd3702810d0a977) Importer(815301076,1909f56bfc062723c751e8b465ee728b)  -> (artifact id: '1e69b1c60639d25061f3faeb963099ab') in 0.028014 seconds
Number of updated asset objects reloaded before import = 0
Number of asset objects unloaded after import = 2
========================================================================
Received Prepare
Begin MonoManager ReloadAssembly
- Loaded All Assemblies, in  0.894 seconds
Refreshing native plugins compatible for Editor in 9.55 ms, found 3 plugins.
Native extension for WindowsStandalone target not found
[Package Manager] Server::EnsureServerProcessIsRunning -- launch failed, reason: Unity was launched with the -noUpm command-line argument
[Package Manager] UpmClient::Send -- Unable to send message (not connected to UPM process).
[Package Manager] Cannot connect to Unity Package Manager local server
Mono: successfully reloaded assembly
- Finished resetting the current domain, in  3.102 seconds
Domain Reload Profiling: 3989ms
	BeginReloadAssembly (296ms)
		ExecutionOrderSort (0ms)
		DisableScriptedObjects (21ms)
		BackupInstance (0ms)
		ReleaseScriptingObjects (0ms)
		CreateAndSetChildDomain (70ms)
	RebuildCommonClasses (68ms)
	RebuildNativeTypeToScriptingClass (25ms)
	initialDomainReloadingComplete (56ms)
	LoadAllAssembliesAndSetupDomain (442ms)
		LoadAssemblies (552ms)
		RebuildTransferFunctionScriptingTraits (0ms)
		AnalyzeDomain (35ms)
			TypeCache.Refresh (9ms)
				TypeCache.ScanAssembly (0ms)
			ScanForSourceGeneratedMonoScriptInfo (0ms)
			ResolveRequiredComponents (23ms)
	FinalizeReload (3103ms)
		ReleaseScriptCaches (0ms)
		RebuildScriptCaches (0ms)
		SetupLoadedEditorAssemblies (1089ms)
			LogAssemblyErrors (0ms)
			InitializePlatformSupportModulesInManaged (14ms)
			SetLoadedEditorAssemblies (7ms)
			RefreshPlugins (0ms)
			BeforeProcessingInitializeOnLoad (177ms)
			ProcessInitializeOnLoadAttributes (731ms)
			ProcessInitializeOnLoadMethodAttributes (140ms)
			AfterProcessingInitializeOnLoad (19ms)
			EditorAssembliesLoaded (1ms)
		ExecutionOrderSort2 (0ms)
		AwakeInstancesAfterBackupRestoration (25ms)
Refreshing native plugins compatible for Editor in 11.13 ms, found 3 plugins.
Preloading 0 native plugins for Editor in 0.00 ms.
Unloading 5810 Unused Serialized files (Serialized files now loaded: 0)
Unloading 44 unused Assets / (1.1 MB). Loaded Objects now: 6569.
Memory consumption went from 220.4 MB to 219.2 MB.
Total: 7.595300 ms (FindLiveObjects: 0.664500 ms CreateObjectMapping: 0.861800 ms MarkObjects: 5.739700 ms  DeleteObjects: 0.327800 ms)

Prepare: number of updated asset objects reloaded= 0
AssetImportParameters requested are different than current active one (requested -> active):
  custom:container-demuxer-ogg: 62fdf1f143b41e24485cea50d1cbac27 -> 
  custom:video-decoder-ogg-theora: a1e56fd34408186e4bbccfd4996cb3dc -> 
  custom:framework-win-MediaFoundation: 216162199b28c13a410421893ffa2e32 -> 
  custom:CustomObjectIndexerAttribute: 62b5816608c3102f162a1797e29626cf -> 
  custom:container-demuxer-webm: 4f35f7cbe854078d1ac9338744f61a02 -> 
  custom:container-muxer-webm: aa71ff27fc2769a1b78a27578f13a17b -> 
  custom:video-decoder-webm-vp8: 9c59270c3fd7afecdb556c50c9e8de78 -> 
  custom:SearchIndexIgnoredProperties: e643bd26f0fe6173181afceb89e7c659 -> 
  custom:AudioImporter_EditorPlatform: d09bf68614088b80899f8185d706f6e7 -> 
  custom:video-encoder-webm-vp8: eb34c28f22e8b96e1ab97ce403110664 -> 
  custom:audio-decoder-ogg-vorbis: bf7c407c2cedff20999df2af8eb42d56 -> 
  custom:audio-encoder-webm-vorbis: bf7c407c2cedff20999df2af8eb42d56 -> 
========================================================================
Received Prepare
Begin MonoManager ReloadAssembly
- Loaded All Assemblies, in  0.853 seconds
Refreshing native plugins compatible for Editor in 8.74 ms, found 3 plugins.
Native extension for WindowsStandalone target not found
[Package Manager] Server::EnsureServerProcessIsRunning -- launch failed, reason: Unity was launched with the -noUpm command-line argument
[Package Manager] UpmClient::Send -- Unable to send message (not connected to UPM process).
[Package Manager] Cannot connect to Unity Package Manager local server
Mono: successfully reloaded assembly
- Finished resetting the current domain, in  3.023 seconds
Domain Reload Profiling: 3869ms
	BeginReloadAssembly (296ms)
		ExecutionOrderSort (0ms)
		DisableScriptedObjects (8ms)
		BackupInstance (0ms)
		ReleaseScriptingObjects (0ms)
		CreateAndSetChildDomain (68ms)
	RebuildCommonClasses (53ms)
	RebuildNativeTypeToScriptingClass (17ms)
	initialDomainReloadingComplete (60ms)
	LoadAllAssembliesAndSetupDomain (419ms)
		LoadAssemblies (557ms)
		RebuildTransferFunctionScriptingTraits (0ms)
		AnalyzeDomain (27ms)
			TypeCache.Refresh (9ms)
				TypeCache.ScanAssembly (0ms)
			ScanForSourceGeneratedMonoScriptInfo (0ms)
			ResolveRequiredComponents (16ms)
	FinalizeReload (3024ms)
		ReleaseScriptCaches (0ms)
		RebuildScriptCaches (0ms)
		SetupLoadedEditorAssemblies (1040ms)
			LogAssemblyErrors (0ms)
			InitializePlatformSupportModulesInManaged (14ms)
			SetLoadedEditorAssemblies (10ms)
			RefreshPlugins (0ms)
			BeforeProcessingInitializeOnLoad (163ms)
			ProcessInitializeOnLoadAttributes (695ms)
			ProcessInitializeOnLoadMethodAttributes (139ms)
			AfterProcessingInitializeOnLoad (18ms)
			EditorAssembliesLoaded (0ms)
		ExecutionOrderSort2 (0ms)
		AwakeInstancesAfterBackupRestoration (18ms)
Refreshing native plugins compatible for Editor in 12.81 ms, found 3 plugins.
Preloading 0 native plugins for Editor in 0.00 ms.
Unloading 5806 Unused Serialized files (Serialized files now loaded: 0)
Unloading 44 unused Assets / (1.1 MB). Loaded Objects now: 6585.
Memory consumption went from 222.0 MB to 220.9 MB.
Total: 7.224700 ms (FindLiveObjects: 0.694200 ms CreateObjectMapping: 0.864200 ms MarkObjects: 5.303500 ms  DeleteObjects: 0.361400 ms)

Prepare: number of updated asset objects reloaded= 0
AssetImportParameters requested are different than current active one (requested -> active):
  custom:container-demuxer-ogg: 62fdf1f143b41e24485cea50d1cbac27 -> 
  custom:video-decoder-ogg-theora: a1e56fd34408186e4bbccfd4996cb3dc -> 
  custom:framework-win-MediaFoundation: 216162199b28c13a410421893ffa2e32 -> 
  custom:CustomObjectIndexerAttribute: 62b5816608c3102f162a1797e29626cf -> 
  custom:container-demuxer-webm: 4f35f7cbe854078d1ac9338744f61a02 -> 
  custom:container-muxer-webm: aa71ff27fc2769a1b78a27578f13a17b -> 
  custom:video-decoder-webm-vp8: 9c59270c3fd7afecdb556c50c9e8de78 -> 
  custom:SearchIndexIgnoredProperties: e643bd26f0fe6173181afceb89e7c659 -> 
  custom:AudioImporter_EditorPlatform: d09bf68614088b80899f8185d706f6e7 -> 
  custom:video-encoder-webm-vp8: eb34c28f22e8b96e1ab97ce403110664 -> 
  custom:audio-decoder-ogg-vorbis: bf7c407c2cedff20999df2af8eb42d56 -> 
  custom:audio-encoder-webm-vorbis: bf7c407c2cedff20999df2af8eb42d56 -> 
========================================================================
Received Import Request.
  Time since last request: 318.654149 seconds.
  path: Assets/FX/New Graph.vfx
  artifactKey: Guid(65a4df64e04ab464b86df12ec2867480) Importer(815301076,1909f56bfc062723c751e8b465ee728b)
Start importing Assets/FX/New Graph.vfx using Guid(65a4df64e04ab464b86df12ec2867480) Importer(815301076,1909f56bfc062723c751e8b465ee728b)  -> (artifact id: '4690e1129bd4f4363ac311c3f332835f') in 0.058721 seconds
Number of updated asset objects reloaded before import = 0
Number of asset objects unloaded after import = 6
========================================================================
Received Import Request.
  Time since last request: 68.592147 seconds.
  path: Assets/FX/New Graph.vfx
  artifactKey: Guid(65a4df64e04ab464b86df12ec2867480) Importer(815301076,1909f56bfc062723c751e8b465ee728b)
Start importing Assets/FX/New Graph.vfx using Guid(65a4df64e04ab464b86df12ec2867480) Importer(815301076,1909f56bfc062723c751e8b465ee728b)  -> (artifact id: '8aed7c1a2f80ceeba35617caa7ea216a') in 0.003942 seconds
Number of updated asset objects reloaded before import = 1
Number of asset objects unloaded after import = 6
========================================================================
Received Import Request.
  Time since last request: 34.327257 seconds.
  path: Assets/FX/New Graph.vfx
  artifactKey: Guid(65a4df64e04ab464b86df12ec2867480) Importer(815301076,1909f56bfc062723c751e8b465ee728b)
Start importing Assets/FX/New Graph.vfx using Guid(65a4df64e04ab464b86df12ec2867480) Importer(815301076,1909f56bfc062723c751e8b465ee728b)  -> (artifact id: '20b3abe0f918eaa4c73f1f7923a7cf1b') in 0.006575 seconds
Number of updated asset objects reloaded before import = 1
Number of asset objects unloaded after import = 6
========================================================================
Received Import Request.
  Time since last request: 102.187603 seconds.
  path: Assets/Mat/CHAR.mat
  artifactKey: Guid(513c08725e34d8942bd3702810d0a977) Importer(815301076,1909f56bfc062723c751e8b465ee728b)
Start importing Assets/Mat/CHAR.mat using Guid(513c08725e34d8942bd3702810d0a977) Importer(815301076,1909f56bfc062723c751e8b465ee728b)  -> (artifact id: 'e9b7632bd5554c127b1dfbe61ffb11a8') in 0.366503 seconds
Number of updated asset objects reloaded before import = 1
Number of asset objects unloaded after import = 21
========================================================================
Received Prepare
Begin MonoManager ReloadAssembly
- Loaded All Assemblies, in  0.874 seconds
Refreshing native plugins compatible for Editor in 8.02 ms, found 3 plugins.
Native extension for WindowsStandalone target not found
[Package Manager] Server::EnsureServerProcessIsRunning -- launch failed, reason: Unity was launched with the -noUpm command-line argument
[Package Manager] UpmClient::Send -- Unable to send message (not connected to UPM process).
[Package Manager] Cannot connect to Unity Package Manager local server
Mono: successfully reloaded assembly
- Finished resetting the current domain, in  3.060 seconds
Domain Reload Profiling: 3926ms
	BeginReloadAssembly (287ms)
		ExecutionOrderSort (0ms)
		DisableScriptedObjects (17ms)
		BackupInstance (0ms)
		ReleaseScriptingObjects (0ms)
		CreateAndSetChildDomain (69ms)
	RebuildCommonClasses (62ms)
	RebuildNativeTypeToScriptingClass (21ms)
	initialDomainReloadingComplete (61ms)
	LoadAllAssembliesAndSetupDomain (434ms)
		LoadAssemblies (559ms)
		RebuildTransferFunctionScriptingTraits (0ms)
		AnalyzeDomain (27ms)
			TypeCache.Refresh (9ms)
				TypeCache.ScanAssembly (0ms)
			ScanForSourceGeneratedMonoScriptInfo (0ms)
			ResolveRequiredComponents (16ms)
	FinalizeReload (3062ms)
		ReleaseScriptCaches (0ms)
		RebuildScriptCaches (0ms)
		SetupLoadedEditorAssemblies (1029ms)
			LogAssemblyErrors (0ms)
			InitializePlatformSupportModulesInManaged (14ms)
			SetLoadedEditorAssemblies (7ms)
			RefreshPlugins (0ms)
			BeforeProcessingInitializeOnLoad (172ms)
			ProcessInitializeOnLoadAttributes (684ms)
			ProcessInitializeOnLoadMethodAttributes (132ms)
			AfterProcessingInitializeOnLoad (18ms)
			EditorAssembliesLoaded (1ms)
		ExecutionOrderSort2 (0ms)
		AwakeInstancesAfterBackupRestoration (27ms)
Refreshing native plugins compatible for Editor in 13.04 ms, found 3 plugins.
Preloading 0 native plugins for Editor in 0.00 ms.
Unloading 5806 Unused Serialized files (Serialized files now loaded: 0)
Unloading 44 unused Assets / (1.1 MB). Loaded Objects now: 6637.
Memory consumption went from 224.2 MB to 223.0 MB.
Total: 6.052700 ms (FindLiveObjects: 0.718000 ms CreateObjectMapping: 0.540100 ms MarkObjects: 4.171600 ms  DeleteObjects: 0.621400 ms)

Prepare: number of updated asset objects reloaded= 0
AssetImportParameters requested are different than current active one (requested -> active):
  custom:container-demuxer-ogg: 62fdf1f143b41e24485cea50d1cbac27 -> 
  custom:video-decoder-ogg-theora: a1e56fd34408186e4bbccfd4996cb3dc -> 
  custom:framework-win-MediaFoundation: 216162199b28c13a410421893ffa2e32 -> 
  custom:CustomObjectIndexerAttribute: 62b5816608c3102f162a1797e29626cf -> 
  custom:container-demuxer-webm: 4f35f7cbe854078d1ac9338744f61a02 -> 
  custom:container-muxer-webm: aa71ff27fc2769a1b78a27578f13a17b -> 
  custom:video-decoder-webm-vp8: 9c59270c3fd7afecdb556c50c9e8de78 -> 
  custom:SearchIndexIgnoredProperties: e643bd26f0fe6173181afceb89e7c659 -> 
  custom:AudioImporter_EditorPlatform: d09bf68614088b80899f8185d706f6e7 -> 
  custom:video-encoder-webm-vp8: eb34c28f22e8b96e1ab97ce403110664 -> 
  custom:audio-decoder-ogg-vorbis: bf7c407c2cedff20999df2af8eb42d56 -> 
  custom:audio-encoder-webm-vorbis: bf7c407c2cedff20999df2af8eb42d56 -> 
